Command line
python /opt/anaconda3/envs/dre-tox/bin/chemprop_train --data_path data/tox21_binary.csv --smiles_columns smiles --target_columns label --dataset_type classification --save_dir ckpt_tox21_nr_ar --epochs 30 --batch_size 64
Args
{'activation': 'ReLU',
 'adding_bond_types': True,
 'adding_h': False,
 'aggregation': 'mean',
 'aggregation_norm': 100,
 'atom_constraints': [],
 'atom_descriptor_scaling': True,
 'atom_descriptors': None,
 'atom_descriptors_path': None,
 'atom_descriptors_size': 0,
 'atom_features_size': 0,
 'atom_messages': False,
 'atom_targets': [],
 'batch_size': 64,
 'bias': False,
 'bias_solvent': False,
 'bond_constraints': [],
 'bond_descriptor_scaling': True,
 'bond_descriptors': None,
 'bond_descriptors_path': None,
 'bond_descriptors_size': 0,
 'bond_features_size': 0,
 'bond_targets': [],
 'cache_cutoff': 10000,
 'checkpoint_dir': None,
 'checkpoint_frzn': None,
 'checkpoint_path': None,
 'checkpoint_paths': None,
 'class_balance': False,
 'config_path': None,
 'constraints_path': None,
 'crossval_index_dir': None,
 'crossval_index_file': None,
 'crossval_index_sets': None,
 'cuda': False,
 'data_path': 'data/tox21_binary.csv',
 'data_weights_path': None,
 'dataset_type': 'classification',
 'depth': 3,
 'depth_solvent': 3,
 'device': device(type='cpu'),
 'dropout': 0.0,
 'empty_cache': False,
 'ensemble_size': 1,
 'epochs': 30,
 'evidential_regularization': 0,
 'explicit_h': False,
 'extra_metrics': [],
 'features_generator': None,
 'features_only': False,
 'features_path': None,
 'features_scaling': True,
 'features_size': None,
 'ffn_hidden_size': 300,
 'ffn_num_layers': 2,
 'final_lr': 0.0001,
 'folds_file': None,
 'freeze_first_only': False,
 'frzn_ffn_layers': 0,
 'gpu': None,
 'grad_clip': None,
 'hidden_size': 300,
 'hidden_size_solvent': 300,
 'ignore_columns': None,
 'init_lr': 0.0001,
 'is_atom_bond_targets': False,
 'keeping_atom_map': False,
 'log_frequency': 10,
 'loss_function': 'binary_cross_entropy',
 'max_data_size': None,
 'max_lr': 0.001,
 'metric': 'auc',
 'metrics': ['auc'],
 'minimize_score': False,
 'mpn_shared': False,
 'multiclass_num_classes': 3,
 'no_adding_bond_types': False,
 'no_atom_descriptor_scaling': False,
 'no_bond_descriptor_scaling': False,
 'no_cache_mol': False,
 'no_cuda': False,
 'no_features_scaling': False,
 'no_shared_atom_bond_ffn': False,
 'num_folds': 1,
 'num_lrs': 1,
 'num_tasks': 1,
 'num_workers': 8,
 'number_of_molecules': 1,
 'overwrite_default_atom_features': False,
 'overwrite_default_bond_features': False,
 'phase_features_path': None,
 'pytorch_seed': 0,
 'quiet': False,
 'reaction': False,
 'reaction_mode': 'reac_diff',
 'reaction_solvent': False,
 'resume_experiment': False,
 'save_dir': 'ckpt_tox21_nr_ar',
 'save_preds': False,
 'save_smiles_splits': False,
 'seed': 0,
 'separate_test_atom_descriptors_path': None,
 'separate_test_bond_descriptors_path': None,
 'separate_test_constraints_path': None,
 'separate_test_features_path': None,
 'separate_test_path': None,
 'separate_test_phase_features_path': None,
 'separate_val_atom_descriptors_path': None,
 'separate_val_bond_descriptors_path': None,
 'separate_val_constraints_path': None,
 'separate_val_features_path': None,
 'separate_val_path': None,
 'separate_val_phase_features_path': None,
 'shared_atom_bond_ffn': True,
 'show_individual_scores': False,
 'smiles_columns': ['smiles'],
 'spectra_activation': 'exp',
 'spectra_phase_mask_path': None,
 'spectra_target_floor': 1e-08,
 'split_key_molecule': 0,
 'split_sizes': [0.8, 0.1, 0.1],
 'split_type': 'random',
 'target_columns': ['label'],
 'target_weights': None,
 'task_names': ['label'],
 'test': False,
 'test_fold_index': None,
 'train_data_size': None,
 'undirected': False,
 'use_input_features': False,
 'val_fold_index': None,
 'warmup_epochs': 2.0,
 'weights_ffn_num_layers': 2}
Setting molecule featurization parameters to default.
Loading data
Number of tasks = 1
Fold 0
Splitting data with seed 0
Class sizes
label 0: 95.75%, 1: 4.25%
Total size = 7,265 | train size = 5,812 | val size = 726 | test size = 727
Building model 0
MoleculeModel(
  (sigmoid): Sigmoid()
  (encoder): MPN(
    (encoder): ModuleList(
      (0): MPNEncoder(
        (dropout): Dropout(p=0.0, inplace=False)
        (act_func): ReLU()
        (W_i): Linear(in_features=147, out_features=300, bias=False)
        (W_h): Linear(in_features=300, out_features=300, bias=False)
        (W_o): Linear(in_features=433, out_features=300, bias=True)
      )
    )
  )
  (readout): Sequential(
    (0): Dropout(p=0.0, inplace=False)
    (1): Linear(in_features=300, out_features=300, bias=True)
    (2): ReLU()
    (3): Dropout(p=0.0, inplace=False)
    (4): Linear(in_features=300, out_features=1, bias=True)
  )
)
Number of parameters = 355,201
Epoch 0
Loss = 4.3108e-01, PNorm = 34.0155, GNorm = 1.0889, lr_0 = 1.5500e-04
Loss = 2.4085e-01, PNorm = 34.0262, GNorm = 0.7059, lr_0 = 2.0500e-04
Loss = 2.1379e-01, PNorm = 34.0312, GNorm = 0.1200, lr_0 = 2.5500e-04
Loss = 1.9538e-01, PNorm = 34.0392, GNorm = 0.2613, lr_0 = 3.0500e-04
Loss = 1.6932e-01, PNorm = 34.0516, GNorm = 0.6455, lr_0 = 3.5500e-04
Loss = 9.2238e-02, PNorm = 34.0694, GNorm = 0.2382, lr_0 = 4.0500e-04
Loss = 1.5235e-01, PNorm = 34.0833, GNorm = 0.2257, lr_0 = 4.5500e-04
Loss = 1.5260e-01, PNorm = 34.0878, GNorm = 0.6536, lr_0 = 5.0500e-04
Loss = 1.7116e-01, PNorm = 34.1025, GNorm = 0.3520, lr_0 = 5.5500e-04
Loss = 1.9009e-02, PNorm = 34.1043, GNorm = 0.2519, lr_0 = 5.6000e-04
Validation auc = 0.743021
Epoch 1
Loss = 1.2236e-01, PNorm = 34.1216, GNorm = 0.2184, lr_0 = 6.1000e-04
Loss = 1.2979e-01, PNorm = 34.1409, GNorm = 0.9023, lr_0 = 6.6000e-04
Loss = 1.0317e-01, PNorm = 34.1519, GNorm = 0.3998, lr_0 = 7.1000e-04
Loss = 1.0330e-01, PNorm = 34.1674, GNorm = 0.2078, lr_0 = 7.6000e-04
Loss = 1.3310e-01, PNorm = 34.1831, GNorm = 0.1907, lr_0 = 8.1000e-04
Loss = 1.4632e-01, PNorm = 34.2125, GNorm = 0.3035, lr_0 = 8.6000e-04
Loss = 1.4139e-01, PNorm = 34.2374, GNorm = 0.8118, lr_0 = 9.1000e-04
Loss = 1.4359e-01, PNorm = 34.2679, GNorm = 0.2658, lr_0 = 9.6000e-04
Loss = 1.7228e-01, PNorm = 34.2927, GNorm = 0.3190, lr_0 = 9.9817e-04
Validation auc = 0.768147
Epoch 2
Loss = 1.3309e-01, PNorm = 34.3490, GNorm = 0.4632, lr_0 = 9.8910e-04
Loss = 1.5201e-01, PNorm = 34.3676, GNorm = 0.8185, lr_0 = 9.8010e-04
Loss = 1.2725e-01, PNorm = 34.3960, GNorm = 0.2073, lr_0 = 9.7118e-04
Loss = 1.2755e-01, PNorm = 34.4444, GNorm = 0.1755, lr_0 = 9.6235e-04
Loss = 1.2406e-01, PNorm = 34.4949, GNorm = 0.1955, lr_0 = 9.5360e-04
Loss = 1.1209e-01, PNorm = 34.5201, GNorm = 0.4913, lr_0 = 9.4492e-04
Loss = 1.4830e-01, PNorm = 34.5375, GNorm = 0.1469, lr_0 = 9.3633e-04
Loss = 1.0799e-01, PNorm = 34.5558, GNorm = 0.2283, lr_0 = 9.2781e-04
Loss = 1.4971e-01, PNorm = 34.5708, GNorm = 0.1476, lr_0 = 9.1937e-04
Validation auc = 0.787149
Epoch 3
Loss = 1.1869e-01, PNorm = 34.6257, GNorm = 0.2881, lr_0 = 9.1101e-04
Loss = 1.4038e-01, PNorm = 34.6367, GNorm = 0.2080, lr_0 = 9.0273e-04
Loss = 1.3261e-01, PNorm = 34.6776, GNorm = 0.1665, lr_0 = 8.9451e-04
Loss = 1.1776e-01, PNorm = 34.7212, GNorm = 0.2343, lr_0 = 8.8638e-04
Loss = 1.1989e-01, PNorm = 34.7336, GNorm = 0.2033, lr_0 = 8.7832e-04
Loss = 9.7266e-02, PNorm = 34.7611, GNorm = 0.2860, lr_0 = 8.7033e-04
Loss = 9.3831e-02, PNorm = 34.7891, GNorm = 0.1348, lr_0 = 8.6241e-04
Loss = 1.4692e-01, PNorm = 34.8042, GNorm = 0.2359, lr_0 = 8.5457e-04
Loss = 1.3161e-01, PNorm = 34.8220, GNorm = 0.4382, lr_0 = 8.4679e-04
Validation auc = 0.791967
Epoch 4
Loss = 1.5090e-01, PNorm = 34.8602, GNorm = 0.3918, lr_0 = 8.3909e-04
Loss = 9.7444e-02, PNorm = 34.8891, GNorm = 0.1108, lr_0 = 8.3146e-04
Loss = 1.1831e-01, PNorm = 34.9059, GNorm = 0.1149, lr_0 = 8.2390e-04
Loss = 9.1877e-02, PNorm = 34.9466, GNorm = 0.3155, lr_0 = 8.1640e-04
Loss = 1.0634e-01, PNorm = 34.9687, GNorm = 0.2204, lr_0 = 8.0898e-04
Loss = 1.2643e-01, PNorm = 34.9920, GNorm = 0.2644, lr_0 = 8.0162e-04
Loss = 1.4599e-01, PNorm = 35.0391, GNorm = 0.1944, lr_0 = 7.9433e-04
Loss = 1.3876e-01, PNorm = 35.0562, GNorm = 0.3524, lr_0 = 7.8710e-04
Loss = 9.6730e-02, PNorm = 35.1163, GNorm = 0.1698, lr_0 = 7.7994e-04
Validation auc = 0.809438
Epoch 5
Loss = 1.5771e-01, PNorm = 35.1367, GNorm = 0.2162, lr_0 = 7.7285e-04
Loss = 1.3226e-01, PNorm = 35.1603, GNorm = 0.1786, lr_0 = 7.6582e-04
Loss = 1.1468e-01, PNorm = 35.2209, GNorm = 0.2477, lr_0 = 7.5885e-04
Loss = 1.0297e-01, PNorm = 35.2377, GNorm = 0.2168, lr_0 = 7.5195e-04
Loss = 9.2260e-02, PNorm = 35.2605, GNorm = 0.1237, lr_0 = 7.4511e-04
Loss = 1.0251e-01, PNorm = 35.2827, GNorm = 0.5483, lr_0 = 7.3834e-04
Loss = 1.2056e-01, PNorm = 35.2994, GNorm = 0.1920, lr_0 = 7.3162e-04
Loss = 1.0875e-01, PNorm = 35.3340, GNorm = 0.1492, lr_0 = 7.2497e-04
Loss = 1.1761e-01, PNorm = 35.3587, GNorm = 0.3072, lr_0 = 7.1837e-04
Validation auc = 0.795344
Epoch 6
Loss = 8.6722e-02, PNorm = 35.3938, GNorm = 0.0985, lr_0 = 7.1119e-04
Loss = 1.2105e-01, PNorm = 35.4465, GNorm = 0.1677, lr_0 = 7.0472e-04
Loss = 1.0771e-01, PNorm = 35.4623, GNorm = 0.2966, lr_0 = 6.9831e-04
Loss = 1.1530e-01, PNorm = 35.4842, GNorm = 0.3247, lr_0 = 6.9196e-04
Loss = 1.3366e-01, PNorm = 35.5145, GNorm = 0.1673, lr_0 = 6.8566e-04
Loss = 1.3206e-01, PNorm = 35.5465, GNorm = 0.1891, lr_0 = 6.7943e-04
Loss = 7.6339e-02, PNorm = 35.5861, GNorm = 0.4729, lr_0 = 6.7325e-04
Loss = 1.2800e-01, PNorm = 35.6048, GNorm = 0.3650, lr_0 = 6.6712e-04
Loss = 1.1689e-01, PNorm = 35.6461, GNorm = 0.3798, lr_0 = 6.6106e-04
Validation auc = 0.776657
Epoch 7
Loss = 1.3158e-01, PNorm = 35.6655, GNorm = 0.3233, lr_0 = 6.5504e-04
Loss = 9.9616e-02, PNorm = 35.7126, GNorm = 0.0915, lr_0 = 6.4909e-04
Loss = 1.2528e-01, PNorm = 35.7337, GNorm = 0.1388, lr_0 = 6.4318e-04
Loss = 8.5822e-02, PNorm = 35.7763, GNorm = 0.1428, lr_0 = 6.3733e-04
Loss = 1.3087e-01, PNorm = 35.7964, GNorm = 0.1811, lr_0 = 6.3153e-04
Loss = 1.0183e-01, PNorm = 35.8181, GNorm = 0.1515, lr_0 = 6.2579e-04
Loss = 1.0585e-01, PNorm = 35.8346, GNorm = 0.0669, lr_0 = 6.2010e-04
Loss = 1.2093e-01, PNorm = 35.8637, GNorm = 0.2160, lr_0 = 6.1446e-04
Loss = 1.0487e-01, PNorm = 35.9086, GNorm = 0.8508, lr_0 = 6.0887e-04
Validation auc = 0.777107
Epoch 8
Loss = 9.9913e-02, PNorm = 35.9244, GNorm = 0.4698, lr_0 = 6.0333e-04
Loss = 1.2739e-01, PNorm = 35.9683, GNorm = 0.1967, lr_0 = 5.9784e-04
Loss = 1.4224e-01, PNorm = 36.0105, GNorm = 0.3507, lr_0 = 5.9241e-04
Loss = 7.7419e-02, PNorm = 36.0468, GNorm = 0.1450, lr_0 = 5.8702e-04
Loss = 1.1181e-01, PNorm = 36.0740, GNorm = 0.1727, lr_0 = 5.8168e-04
Loss = 1.1096e-01, PNorm = 36.1004, GNorm = 0.1152, lr_0 = 5.7639e-04
Loss = 8.8315e-02, PNorm = 36.1319, GNorm = 0.2587, lr_0 = 5.7114e-04
Loss = 9.6874e-02, PNorm = 36.1616, GNorm = 0.1524, lr_0 = 5.6595e-04
Loss = 1.1054e-01, PNorm = 36.1888, GNorm = 0.2614, lr_0 = 5.6080e-04
Validation auc = 0.770758
Epoch 9
Loss = 1.2142e-01, PNorm = 36.2251, GNorm = 0.4148, lr_0 = 5.5570e-04
Loss = 1.1462e-01, PNorm = 36.2402, GNorm = 0.2144, lr_0 = 5.5065e-04
Loss = 1.0160e-01, PNorm = 36.2752, GNorm = 0.1844, lr_0 = 5.4564e-04
Loss = 1.0447e-01, PNorm = 36.3036, GNorm = 0.3711, lr_0 = 5.4068e-04
Loss = 1.5774e-01, PNorm = 36.3071, GNorm = 0.2726, lr_0 = 5.3576e-04
Loss = 1.1813e-01, PNorm = 36.3603, GNorm = 0.1780, lr_0 = 5.3088e-04
Loss = 7.2415e-02, PNorm = 36.4078, GNorm = 0.0986, lr_0 = 5.2606e-04
Loss = 8.0785e-02, PNorm = 36.4305, GNorm = 0.2188, lr_0 = 5.2127e-04
Loss = 9.0859e-02, PNorm = 36.4408, GNorm = 0.1665, lr_0 = 5.1653e-04
Validation auc = 0.785077
Epoch 10
Loss = 1.0225e-01, PNorm = 36.4666, GNorm = 0.1342, lr_0 = 5.1183e-04
Loss = 1.4319e-01, PNorm = 36.4933, GNorm = 0.3306, lr_0 = 5.0718e-04
Loss = 7.4031e-02, PNorm = 36.5314, GNorm = 0.1600, lr_0 = 5.0256e-04
Loss = 9.3783e-02, PNorm = 36.5567, GNorm = 0.2318, lr_0 = 4.9799e-04
Loss = 9.7938e-02, PNorm = 36.5788, GNorm = 0.0635, lr_0 = 4.9346e-04
Loss = 8.0747e-02, PNorm = 36.6008, GNorm = 0.2856, lr_0 = 4.8897e-04
Loss = 1.2604e-01, PNorm = 36.6276, GNorm = 0.3201, lr_0 = 4.8453e-04
Loss = 1.2288e-01, PNorm = 36.6561, GNorm = 0.2805, lr_0 = 4.8012e-04
Command line
python /opt/anaconda3/envs/dre-tox/bin/chemprop_train --data_path data/tox21_binary.csv --smiles_columns smiles --target_columns label --dataset_type classification --save_dir ckpt_tox21_nr_ar --epochs 30 --batch_size 64
Args
{'activation': 'ReLU',
 'adding_bond_types': True,
 'adding_h': False,
 'aggregation': 'mean',
 'aggregation_norm': 100,
 'atom_constraints': [],
 'atom_descriptor_scaling': True,
 'atom_descriptors': None,
 'atom_descriptors_path': None,
 'atom_descriptors_size': 0,
 'atom_features_size': 0,
 'atom_messages': False,
 'atom_targets': [],
 'batch_size': 64,
 'bias': False,
 'bias_solvent': False,
 'bond_constraints': [],
 'bond_descriptor_scaling': True,
 'bond_descriptors': None,
 'bond_descriptors_path': None,
 'bond_descriptors_size': 0,
 'bond_features_size': 0,
 'bond_targets': [],
 'cache_cutoff': 10000,
 'checkpoint_dir': None,
 'checkpoint_frzn': None,
 'checkpoint_path': None,
 'checkpoint_paths': None,
 'class_balance': False,
 'config_path': None,
 'constraints_path': None,
 'crossval_index_dir': None,
 'crossval_index_file': None,
 'crossval_index_sets': None,
 'cuda': False,
 'data_path': 'data/tox21_binary.csv',
 'data_weights_path': None,
 'dataset_type': 'classification',
 'depth': 3,
 'depth_solvent': 3,
 'device': device(type='cpu'),
 'dropout': 0.0,
 'empty_cache': False,
 'ensemble_size': 1,
 'epochs': 30,
 'evidential_regularization': 0,
 'explicit_h': False,
 'extra_metrics': [],
 'features_generator': None,
 'features_only': False,
 'features_path': None,
 'features_scaling': True,
 'features_size': None,
 'ffn_hidden_size': 300,
 'ffn_num_layers': 2,
 'final_lr': 0.0001,
 'folds_file': None,
 'freeze_first_only': False,
 'frzn_ffn_layers': 0,
 'gpu': None,
 'grad_clip': None,
 'hidden_size': 300,
 'hidden_size_solvent': 300,
 'ignore_columns': None,
 'init_lr': 0.0001,
 'is_atom_bond_targets': False,
 'keeping_atom_map': False,
 'log_frequency': 10,
 'loss_function': 'binary_cross_entropy',
 'max_data_size': None,
 'max_lr': 0.001,
 'metric': 'auc',
 'metrics': ['auc'],
 'minimize_score': False,
 'mpn_shared': False,
 'multiclass_num_classes': 3,
 'no_adding_bond_types': False,
 'no_atom_descriptor_scaling': False,
 'no_bond_descriptor_scaling': False,
 'no_cache_mol': False,
 'no_cuda': False,
 'no_features_scaling': False,
 'no_shared_atom_bond_ffn': False,
 'num_folds': 1,
 'num_lrs': 1,
 'num_tasks': 1,
 'num_workers': 8,
 'number_of_molecules': 1,
 'overwrite_default_atom_features': False,
 'overwrite_default_bond_features': False,
 'phase_features_path': None,
 'pytorch_seed': 0,
 'quiet': False,
 'reaction': False,
 'reaction_mode': 'reac_diff',
 'reaction_solvent': False,
 'resume_experiment': False,
 'save_dir': 'ckpt_tox21_nr_ar',
 'save_preds': False,
 'save_smiles_splits': False,
 'seed': 0,
 'separate_test_atom_descriptors_path': None,
 'separate_test_bond_descriptors_path': None,
 'separate_test_constraints_path': None,
 'separate_test_features_path': None,
 'separate_test_path': None,
 'separate_test_phase_features_path': None,
 'separate_val_atom_descriptors_path': None,
 'separate_val_bond_descriptors_path': None,
 'separate_val_constraints_path': None,
 'separate_val_features_path': None,
 'separate_val_path': None,
 'separate_val_phase_features_path': None,
 'shared_atom_bond_ffn': True,
 'show_individual_scores': False,
 'smiles_columns': ['smiles'],
 'spectra_activation': 'exp',
 'spectra_phase_mask_path': None,
 'spectra_target_floor': 1e-08,
 'split_key_molecule': 0,
 'split_sizes': [0.8, 0.1, 0.1],
 'split_type': 'random',
 'target_columns': ['label'],
 'target_weights': None,
 'task_names': ['label'],
 'test': False,
 'test_fold_index': None,
 'train_data_size': None,
 'undirected': False,
 'use_input_features': False,
 'val_fold_index': None,
 'warmup_epochs': 2.0,
 'weights_ffn_num_layers': 2}
Setting molecule featurization parameters to default.
Loading data
Number of tasks = 1
Fold 0
Splitting data with seed 0
Class sizes
label 0: 95.75%, 1: 4.25%
Total size = 7,265 | train size = 5,812 | val size = 726 | test size = 727
Building model 0
MoleculeModel(
  (sigmoid): Sigmoid()
  (encoder): MPN(
    (encoder): ModuleList(
      (0): MPNEncoder(
        (dropout): Dropout(p=0.0, inplace=False)
        (act_func): ReLU()
        (W_i): Linear(in_features=147, out_features=300, bias=False)
        (W_h): Linear(in_features=300, out_features=300, bias=False)
        (W_o): Linear(in_features=433, out_features=300, bias=True)
      )
    )
  )
  (readout): Sequential(
    (0): Dropout(p=0.0, inplace=False)
    (1): Linear(in_features=300, out_features=300, bias=True)
    (2): ReLU()
    (3): Dropout(p=0.0, inplace=False)
    (4): Linear(in_features=300, out_features=1, bias=True)
  )
)
Number of parameters = 355,201
Epoch 0
Loss = 4.3108e-01, PNorm = 34.0155, GNorm = 1.0889, lr_0 = 1.5500e-04
Loss = 2.4085e-01, PNorm = 34.0262, GNorm = 0.7059, lr_0 = 2.0500e-04
Loss = 2.1379e-01, PNorm = 34.0312, GNorm = 0.1200, lr_0 = 2.5500e-04
Loss = 1.9538e-01, PNorm = 34.0392, GNorm = 0.2613, lr_0 = 3.0500e-04
Loss = 1.6932e-01, PNorm = 34.0516, GNorm = 0.6455, lr_0 = 3.5500e-04
Loss = 9.2238e-02, PNorm = 34.0694, GNorm = 0.2382, lr_0 = 4.0500e-04
Loss = 1.5235e-01, PNorm = 34.0833, GNorm = 0.2257, lr_0 = 4.5500e-04
Loss = 1.5260e-01, PNorm = 34.0878, GNorm = 0.6536, lr_0 = 5.0500e-04
Loss = 1.7116e-01, PNorm = 34.1025, GNorm = 0.3520, lr_0 = 5.5500e-04
Loss = 1.9009e-02, PNorm = 34.1043, GNorm = 0.2519, lr_0 = 5.6000e-04
Validation auc = 0.743021
Epoch 1
Loss = 1.2236e-01, PNorm = 34.1216, GNorm = 0.2184, lr_0 = 6.1000e-04
Loss = 1.2979e-01, PNorm = 34.1409, GNorm = 0.9023, lr_0 = 6.6000e-04
Loss = 1.0316e-01, PNorm = 34.1519, GNorm = 0.3999, lr_0 = 7.1000e-04
Loss = 1.0330e-01, PNorm = 34.1674, GNorm = 0.2079, lr_0 = 7.6000e-04
Loss = 1.3311e-01, PNorm = 34.1832, GNorm = 0.1908, lr_0 = 8.1000e-04
Loss = 1.4650e-01, PNorm = 34.2127, GNorm = 0.3042, lr_0 = 8.6000e-04
Loss = 1.4120e-01, PNorm = 34.2376, GNorm = 0.8109, lr_0 = 9.1000e-04
Loss = 1.4368e-01, PNorm = 34.2683, GNorm = 0.2616, lr_0 = 9.6000e-04
Loss = 1.7235e-01, PNorm = 34.2937, GNorm = 0.3243, lr_0 = 9.9817e-04
Validation auc = 0.767336
Epoch 2
Loss = 1.3288e-01, PNorm = 34.3498, GNorm = 0.4428, lr_0 = 9.8910e-04
Loss = 1.5261e-01, PNorm = 34.3673, GNorm = 0.8282, lr_0 = 9.8010e-04
Loss = 1.2753e-01, PNorm = 34.3953, GNorm = 0.2064, lr_0 = 9.7118e-04
Loss = 1.2802e-01, PNorm = 34.4415, GNorm = 0.1720, lr_0 = 9.6235e-04
Loss = 1.2432e-01, PNorm = 34.4944, GNorm = 0.1899, lr_0 = 9.5360e-04
Loss = 1.1141e-01, PNorm = 34.5215, GNorm = 0.5669, lr_0 = 9.4492e-04
Loss = 1.4849e-01, PNorm = 34.5382, GNorm = 0.1398, lr_0 = 9.3633e-04
Loss = 1.0806e-01, PNorm = 34.5573, GNorm = 0.2296, lr_0 = 9.2781e-04
Loss = 1.4910e-01, PNorm = 34.5717, GNorm = 0.1418, lr_0 = 9.1937e-04
Validation auc = 0.786473
Epoch 3
Loss = 1.1814e-01, PNorm = 34.6237, GNorm = 0.3085, lr_0 = 9.1101e-04
Loss = 1.4139e-01, PNorm = 34.6326, GNorm = 0.1917, lr_0 = 9.0273e-04
Loss = 1.3336e-01, PNorm = 34.6755, GNorm = 0.1504, lr_0 = 8.9451e-04
Loss = 1.1781e-01, PNorm = 34.7202, GNorm = 0.2500, lr_0 = 8.8638e-04
Loss = 1.2006e-01, PNorm = 34.7330, GNorm = 0.2034, lr_0 = 8.7832e-04
Loss = 9.7116e-02, PNorm = 34.7602, GNorm = 0.2789, lr_0 = 8.7033e-04
Loss = 9.3720e-02, PNorm = 34.7878, GNorm = 0.1448, lr_0 = 8.6241e-04
Loss = 1.4637e-01, PNorm = 34.8024, GNorm = 0.2406, lr_0 = 8.5457e-04
Loss = 1.3287e-01, PNorm = 34.8203, GNorm = 0.4707, lr_0 = 8.4679e-04
Validation auc = 0.791562
Epoch 4
Loss = 1.5160e-01, PNorm = 34.8585, GNorm = 0.3697, lr_0 = 8.3909e-04
Loss = 9.7564e-02, PNorm = 34.8868, GNorm = 0.1126, lr_0 = 8.3146e-04
Loss = 1.1833e-01, PNorm = 34.9044, GNorm = 0.1129, lr_0 = 8.2390e-04
Loss = 9.1807e-02, PNorm = 34.9459, GNorm = 0.3214, lr_0 = 8.1640e-04
Loss = 1.0681e-01, PNorm = 34.9683, GNorm = 0.2311, lr_0 = 8.0898e-04
Loss = 1.2709e-01, PNorm = 34.9917, GNorm = 0.2434, lr_0 = 8.0162e-04
Loss = 1.4626e-01, PNorm = 35.0410, GNorm = 0.2199, lr_0 = 7.9433e-04
Loss = 1.3920e-01, PNorm = 35.0565, GNorm = 0.3582, lr_0 = 7.8710e-04
Loss = 9.7295e-02, PNorm = 35.1187, GNorm = 0.1710, lr_0 = 7.7994e-04
Validation auc = 0.806016
Epoch 5
Loss = 1.5813e-01, PNorm = 35.1432, GNorm = 0.2004, lr_0 = 7.7285e-04
Loss = 1.3217e-01, PNorm = 35.1634, GNorm = 0.1728, lr_0 = 7.6582e-04
Loss = 1.1570e-01, PNorm = 35.2223, GNorm = 0.2631, lr_0 = 7.5885e-04
Loss = 1.0225e-01, PNorm = 35.2447, GNorm = 0.2111, lr_0 = 7.5195e-04
Loss = 9.2231e-02, PNorm = 35.2661, GNorm = 0.1187, lr_0 = 7.4511e-04
Loss = 1.0182e-01, PNorm = 35.2891, GNorm = 0.5545, lr_0 = 7.3834e-04
Loss = 1.1996e-01, PNorm = 35.3051, GNorm = 0.1881, lr_0 = 7.3162e-04
Loss = 1.0868e-01, PNorm = 35.3388, GNorm = 0.1447, lr_0 = 7.2497e-04
Loss = 1.1775e-01, PNorm = 35.3642, GNorm = 0.3168, lr_0 = 7.1837e-04
Validation auc = 0.793093
Epoch 6
Loss = 8.6350e-02, PNorm = 35.4031, GNorm = 0.1002, lr_0 = 7.1119e-04
Loss = 1.2133e-01, PNorm = 35.4601, GNorm = 0.1684, lr_0 = 7.0472e-04
Loss = 1.0737e-01, PNorm = 35.4755, GNorm = 0.2682, lr_0 = 6.9831e-04
Loss = 1.1557e-01, PNorm = 35.4982, GNorm = 0.3127, lr_0 = 6.9196e-04
Loss = 1.3395e-01, PNorm = 35.5292, GNorm = 0.1558, lr_0 = 6.8566e-04
Loss = 1.3251e-01, PNorm = 35.5601, GNorm = 0.1957, lr_0 = 6.7943e-04
Loss = 7.6721e-02, PNorm = 35.5987, GNorm = 0.4694, lr_0 = 6.7325e-04
Loss = 1.2606e-01, PNorm = 35.6171, GNorm = 0.2903, lr_0 = 6.6712e-04
Loss = 1.1584e-01, PNorm = 35.6582, GNorm = 0.3201, lr_0 = 6.6106e-04
Validation auc = 0.776162
Epoch 7
Loss = 1.3119e-01, PNorm = 35.6786, GNorm = 0.3513, lr_0 = 6.5504e-04
Loss = 9.8802e-02, PNorm = 35.7276, GNorm = 0.0989, lr_0 = 6.4909e-04
Loss = 1.2483e-01, PNorm = 35.7479, GNorm = 0.1333, lr_0 = 6.4318e-04
Loss = 8.6598e-02, PNorm = 35.7923, GNorm = 0.1430, lr_0 = 6.3733e-04
Loss = 1.3108e-01, PNorm = 35.8122, GNorm = 0.1868, lr_0 = 6.3153e-04
Loss = 1.0226e-01, PNorm = 35.8342, GNorm = 0.1497, lr_0 = 6.2579e-04
Loss = 1.0550e-01, PNorm = 35.8497, GNorm = 0.0707, lr_0 = 6.2010e-04
Loss = 1.2079e-01, PNorm = 35.8779, GNorm = 0.2148, lr_0 = 6.1446e-04
Loss = 1.0602e-01, PNorm = 35.9187, GNorm = 0.9395, lr_0 = 6.0887e-04
Validation auc = 0.778188
Epoch 8
Loss = 1.0213e-01, PNorm = 35.9329, GNorm = 0.4970, lr_0 = 6.0333e-04
Loss = 1.2788e-01, PNorm = 35.9742, GNorm = 0.1957, lr_0 = 5.9784e-04
Loss = 1.4294e-01, PNorm = 36.0128, GNorm = 0.3019, lr_0 = 5.9241e-04
Loss = 7.8612e-02, PNorm = 36.0453, GNorm = 0.1637, lr_0 = 5.8702e-04
Loss = 1.1223e-01, PNorm = 36.0720, GNorm = 0.1781, lr_0 = 5.8168e-04
Loss = 1.1238e-01, PNorm = 36.0963, GNorm = 0.1134, lr_0 = 5.7639e-04
Loss = 8.8036e-02, PNorm = 36.1252, GNorm = 0.2402, lr_0 = 5.7114e-04
Loss = 9.6790e-02, PNorm = 36.1547, GNorm = 0.1390, lr_0 = 5.6595e-04
Loss = 1.1090e-01, PNorm = 36.1805, GNorm = 0.2496, lr_0 = 5.6080e-04
Validation auc = 0.770983
Epoch 9
Loss = 1.2121e-01, PNorm = 36.2185, GNorm = 0.3598, lr_0 = 5.5570e-04
Loss = 1.1522e-01, PNorm = 36.2336, GNorm = 0.1883, lr_0 = 5.5065e-04
Loss = 1.0081e-01, PNorm = 36.2655, GNorm = 0.1823, lr_0 = 5.4564e-04
Loss = 1.0371e-01, PNorm = 36.2955, GNorm = 0.3439, lr_0 = 5.4068e-04
Loss = 1.5802e-01, PNorm = 36.2991, GNorm = 0.2339, lr_0 = 5.3576e-04
Loss = 1.1873e-01, PNorm = 36.3499, GNorm = 0.1945, lr_0 = 5.3088e-04
Loss = 7.2081e-02, PNorm = 36.3998, GNorm = 0.0952, lr_0 = 5.2606e-04
Loss = 8.1255e-02, PNorm = 36.4278, GNorm = 0.2365, lr_0 = 5.2127e-04
Loss = 9.1289e-02, PNorm = 36.4350, GNorm = 0.1694, lr_0 = 5.1653e-04
Validation auc = 0.781520
Epoch 10
Loss = 1.0341e-01, PNorm = 36.4612, GNorm = 0.1282, lr_0 = 5.1183e-04
Loss = 1.4247e-01, PNorm = 36.4896, GNorm = 0.3491, lr_0 = 5.0718e-04
Loss = 7.3640e-02, PNorm = 36.5302, GNorm = 0.1670, lr_0 = 5.0256e-04
Loss = 9.3748e-02, PNorm = 36.5549, GNorm = 0.2163, lr_0 = 4.9799e-04
Loss = 9.8097e-02, PNorm = 36.5759, GNorm = 0.0684, lr_0 = 4.9346e-04
Loss = 8.0486e-02, PNorm = 36.5988, GNorm = 0.2730, lr_0 = 4.8897e-04
Loss = 1.2503e-01, PNorm = 36.6272, GNorm = 0.3262, lr_0 = 4.8453e-04
Loss = 1.2305e-01, PNorm = 36.6566, GNorm = 0.2713, lr_0 = 4.8012e-04
Loss = 7.3832e-02, PNorm = 36.7039, GNorm = 0.3418, lr_0 = 4.7575e-04
Validation auc = 0.799937
Epoch 11
Loss = 1.8387e-01, PNorm = 36.7174, GNorm = 0.1992, lr_0 = 4.7099e-04
Loss = 9.9043e-02, PNorm = 36.7631, GNorm = 0.2324, lr_0 = 4.6671e-04
Loss = 1.1892e-01, PNorm = 36.7905, GNorm = 0.3261, lr_0 = 4.6247e-04
Loss = 9.9390e-02, PNorm = 36.8072, GNorm = 0.1509, lr_0 = 4.5826e-04
Loss = 9.3313e-02, PNorm = 36.8464, GNorm = 0.1579, lr_0 = 4.5409e-04
Loss = 1.0726e-01, PNorm = 36.8769, GNorm = 0.3872, lr_0 = 4.4996e-04
Loss = 1.0019e-01, PNorm = 36.8880, GNorm = 0.2364, lr_0 = 4.4587e-04
Loss = 8.3164e-02, PNorm = 36.9255, GNorm = 0.3791, lr_0 = 4.4181e-04
Loss = 1.0238e-01, PNorm = 36.9423, GNorm = 0.0880, lr_0 = 4.3779e-04
Validation auc = 0.783591
Epoch 12
Loss = 2.3611e-01, PNorm = 36.9650, GNorm = 0.4251, lr_0 = 4.3381e-04
Loss = 5.6778e-02, PNorm = 37.0007, GNorm = 0.1382, lr_0 = 4.2987e-04
Loss = 8.2823e-02, PNorm = 37.0304, GNorm = 0.0978, lr_0 = 4.2596e-04
Loss = 1.2874e-01, PNorm = 37.0390, GNorm = 0.4613, lr_0 = 4.2208e-04
Loss = 9.4788e-02, PNorm = 37.0745, GNorm = 0.2961, lr_0 = 4.1824e-04
Loss = 1.5060e-01, PNorm = 37.1003, GNorm = 0.2494, lr_0 = 4.1444e-04
Loss = 5.7346e-02, PNorm = 37.1377, GNorm = 0.2286, lr_0 = 4.1067e-04
Loss = 1.3626e-01, PNorm = 37.1576, GNorm = 0.2669, lr_0 = 4.0693e-04
Loss = 7.3903e-02, PNorm = 37.1867, GNorm = 0.0851, lr_0 = 4.0323e-04
Loss = 1.1398e-01, PNorm = 37.2061, GNorm = 0.2319, lr_0 = 3.9956e-04
Validation auc = 0.798766
Epoch 13
Loss = 1.0298e-01, PNorm = 37.2302, GNorm = 0.1246, lr_0 = 3.9593e-04
Loss = 1.0304e-01, PNorm = 37.2535, GNorm = 0.1676, lr_0 = 3.9233e-04
Loss = 1.0312e-01, PNorm = 37.2773, GNorm = 0.1050, lr_0 = 3.8876e-04
Loss = 9.4629e-02, PNorm = 37.3074, GNorm = 0.3319, lr_0 = 3.8522e-04
Loss = 7.9930e-02, PNorm = 37.3273, GNorm = 0.1484, lr_0 = 3.8172e-04
Loss = 9.3681e-02, PNorm = 37.3611, GNorm = 0.4538, lr_0 = 3.7825e-04
Loss = 8.7544e-02, PNorm = 37.3710, GNorm = 0.1870, lr_0 = 3.7481e-04
Loss = 9.1139e-02, PNorm = 37.3975, GNorm = 0.1081, lr_0 = 3.7140e-04
Loss = 1.2761e-01, PNorm = 37.4176, GNorm = 0.3810, lr_0 = 3.6802e-04
Validation auc = 0.776792
Epoch 14
Loss = 5.1161e-02, PNorm = 37.4521, GNorm = 0.2108, lr_0 = 3.6467e-04
Loss = 1.0666e-01, PNorm = 37.4760, GNorm = 0.2600, lr_0 = 3.6136e-04
Loss = 1.4483e-01, PNorm = 37.4825, GNorm = 0.5478, lr_0 = 3.5807e-04
Loss = 9.9718e-02, PNorm = 37.5238, GNorm = 0.1817, lr_0 = 3.5481e-04
Loss = 7.6125e-02, PNorm = 37.5719, GNorm = 0.1965, lr_0 = 3.5159e-04
Loss = 7.9095e-02, PNorm = 37.5890, GNorm = 0.1331, lr_0 = 3.4839e-04
Loss = 8.9191e-02, PNorm = 37.5987, GNorm = 0.2355, lr_0 = 3.4522e-04
Loss = 1.2261e-01, PNorm = 37.6109, GNorm = 0.1408, lr_0 = 3.4208e-04
Loss = 9.7452e-02, PNorm = 37.6297, GNorm = 0.2097, lr_0 = 3.3897e-04
Validation auc = 0.782961
Epoch 15
Loss = 8.9886e-02, PNorm = 37.6517, GNorm = 0.1060, lr_0 = 3.3588e-04
Loss = 8.0223e-02, PNorm = 37.6682, GNorm = 0.1621, lr_0 = 3.3283e-04
Loss = 1.1171e-01, PNorm = 37.6749, GNorm = 0.1342, lr_0 = 3.2980e-04
Loss = 7.3410e-02, PNorm = 37.7133, GNorm = 0.3862, lr_0 = 3.2680e-04
Loss = 8.0684e-02, PNorm = 37.7274, GNorm = 0.4611, lr_0 = 3.2383e-04
Loss = 1.1877e-01, PNorm = 37.7382, GNorm = 0.2119, lr_0 = 3.2088e-04
Loss = 9.1517e-02, PNorm = 37.7581, GNorm = 0.1808, lr_0 = 3.1797e-04
Loss = 8.9160e-02, PNorm = 37.7863, GNorm = 0.6430, lr_0 = 3.1507e-04
Loss = 1.1121e-01, PNorm = 37.7991, GNorm = 0.3021, lr_0 = 3.1221e-04
Validation auc = 0.782511
Epoch 16
Loss = 9.2926e-02, PNorm = 37.8265, GNorm = 0.3018, lr_0 = 3.0937e-04
Loss = 7.2724e-02, PNorm = 37.8424, GNorm = 0.1928, lr_0 = 3.0655e-04
Loss = 7.2555e-02, PNorm = 37.8540, GNorm = 0.3987, lr_0 = 3.0377e-04
Loss = 9.9498e-02, PNorm = 37.8715, GNorm = 0.1602, lr_0 = 3.0100e-04
Loss = 9.0713e-02, PNorm = 37.8991, GNorm = 0.5227, lr_0 = 2.9827e-04
Loss = 7.0551e-02, PNorm = 37.9297, GNorm = 0.1347, lr_0 = 2.9555e-04
Loss = 9.4488e-02, PNorm = 37.9410, GNorm = 0.2469, lr_0 = 2.9286e-04
Loss = 1.1333e-01, PNorm = 37.9512, GNorm = 0.1962, lr_0 = 2.9020e-04
Loss = 8.8316e-02, PNorm = 37.9774, GNorm = 0.1981, lr_0 = 2.8756e-04
Validation auc = 0.769002
Epoch 17
Loss = 6.4141e-02, PNorm = 38.0036, GNorm = 0.2072, lr_0 = 2.8469e-04
Loss = 1.0589e-01, PNorm = 38.0147, GNorm = 0.6297, lr_0 = 2.8210e-04
Loss = 1.1235e-01, PNorm = 38.0376, GNorm = 0.2382, lr_0 = 2.7953e-04
Loss = 9.3440e-02, PNorm = 38.0567, GNorm = 0.2027, lr_0 = 2.7699e-04
Loss = 7.9976e-02, PNorm = 38.0687, GNorm = 0.2868, lr_0 = 2.7447e-04
Loss = 8.9622e-02, PNorm = 38.0879, GNorm = 0.5207, lr_0 = 2.7197e-04
Loss = 5.9981e-02, PNorm = 38.1211, GNorm = 0.1266, lr_0 = 2.6950e-04
Loss = 8.2643e-02, PNorm = 38.1340, GNorm = 0.3928, lr_0 = 2.6705e-04
Loss = 1.0226e-01, PNorm = 38.1390, GNorm = 0.4874, lr_0 = 2.6462e-04
Validation auc = 0.784762
Epoch 18
Loss = 7.5934e-02, PNorm = 38.1635, GNorm = 0.2594, lr_0 = 2.6221e-04
Loss = 8.9273e-02, PNorm = 38.1818, GNorm = 0.1363, lr_0 = 2.5983e-04
Loss = 7.8048e-02, PNorm = 38.2014, GNorm = 0.1990, lr_0 = 2.5746e-04
Loss = 9.7477e-02, PNorm = 38.2130, GNorm = 0.1789, lr_0 = 2.5512e-04
Loss = 1.1377e-01, PNorm = 38.2299, GNorm = 0.6711, lr_0 = 2.5280e-04
Loss = 7.3472e-02, PNorm = 38.2603, GNorm = 0.2144, lr_0 = 2.5050e-04
Loss = 8.0533e-02, PNorm = 38.2866, GNorm = 0.2348, lr_0 = 2.4822e-04
Loss = 8.9899e-02, PNorm = 38.3056, GNorm = 0.5320, lr_0 = 2.4596e-04
Loss = 9.4421e-02, PNorm = 38.3152, GNorm = 0.2909, lr_0 = 2.4373e-04
Validation auc = 0.784582
Epoch 19
Loss = 1.1829e-01, PNorm = 38.3412, GNorm = 1.2289, lr_0 = 2.4151e-04
Loss = 1.0192e-01, PNorm = 38.3426, GNorm = 0.2571, lr_0 = 2.3931e-04
Loss = 8.1078e-02, PNorm = 38.3690, GNorm = 0.3399, lr_0 = 2.3714e-04
Loss = 8.0491e-02, PNorm = 38.3868, GNorm = 0.4751, lr_0 = 2.3498e-04
Loss = 9.4185e-02, PNorm = 38.3896, GNorm = 0.2320, lr_0 = 2.3284e-04
Loss = 8.7063e-02, PNorm = 38.4107, GNorm = 0.1779, lr_0 = 2.3073e-04
Loss = 7.5265e-02, PNorm = 38.4265, GNorm = 0.2465, lr_0 = 2.2863e-04
Loss = 6.7125e-02, PNorm = 38.4482, GNorm = 0.1739, lr_0 = 2.2655e-04
Loss = 8.5920e-02, PNorm = 38.4610, GNorm = 0.3682, lr_0 = 2.2449e-04
Validation auc = 0.770218
Epoch 20
Loss = 3.8344e-02, PNorm = 38.4667, GNorm = 0.1919, lr_0 = 2.2244e-04
Loss = 1.0408e-01, PNorm = 38.4881, GNorm = 0.2003, lr_0 = 2.2042e-04
Loss = 6.5099e-02, PNorm = 38.5113, GNorm = 0.2407, lr_0 = 2.1842e-04
Loss = 1.0438e-01, PNorm = 38.5222, GNorm = 0.2212, lr_0 = 2.1643e-04
Loss = 7.5018e-02, PNorm = 38.5386, GNorm = 0.2352, lr_0 = 2.1446e-04
Loss = 1.0487e-01, PNorm = 38.5545, GNorm = 0.3463, lr_0 = 2.1251e-04
Loss = 7.0095e-02, PNorm = 38.5746, GNorm = 0.2492, lr_0 = 2.1058e-04
Loss = 7.5354e-02, PNorm = 38.5945, GNorm = 0.1618, lr_0 = 2.0866e-04
Loss = 8.1749e-02, PNorm = 38.6081, GNorm = 0.3952, lr_0 = 2.0676e-04
Validation auc = 0.788365
Epoch 21
Loss = 9.0222e-02, PNorm = 38.6225, GNorm = 0.4331, lr_0 = 2.0488e-04
Loss = 7.6709e-02, PNorm = 38.6325, GNorm = 0.2269, lr_0 = 2.0302e-04
Loss = 7.1436e-02, PNorm = 38.6485, GNorm = 0.2895, lr_0 = 2.0117e-04
Loss = 7.3181e-02, PNorm = 38.6588, GNorm = 0.2393, lr_0 = 1.9934e-04
Loss = 8.3803e-02, PNorm = 38.6778, GNorm = 0.3091, lr_0 = 1.9753e-04
Loss = 1.0489e-01, PNorm = 38.6912, GNorm = 0.4914, lr_0 = 1.9573e-04
Loss = 7.9686e-02, PNorm = 38.7059, GNorm = 0.4045, lr_0 = 1.9395e-04
Loss = 8.0384e-02, PNorm = 38.7177, GNorm = 0.3143, lr_0 = 1.9219e-04
Loss = 7.5515e-02, PNorm = 38.7271, GNorm = 0.5923, lr_0 = 1.9044e-04
Validation auc = 0.766255
Epoch 22
Loss = 7.3099e-02, PNorm = 38.7435, GNorm = 0.2620, lr_0 = 1.8854e-04
Loss = 7.1026e-02, PNorm = 38.7608, GNorm = 0.2730, lr_0 = 1.8682e-04
Loss = 1.0667e-01, PNorm = 38.7766, GNorm = 0.5420, lr_0 = 1.8512e-04
Loss = 8.8828e-02, PNorm = 38.8029, GNorm = 0.2806, lr_0 = 1.8344e-04
Loss = 7.6806e-02, PNorm = 38.8221, GNorm = 0.5560, lr_0 = 1.8177e-04
Loss = 9.1046e-02, PNorm = 38.8253, GNorm = 0.3139, lr_0 = 1.8012e-04
Loss = 6.2736e-02, PNorm = 38.8437, GNorm = 1.4704, lr_0 = 1.7848e-04
Loss = 6.3585e-02, PNorm = 38.8520, GNorm = 0.1625, lr_0 = 1.7686e-04
Loss = 8.4368e-02, PNorm = 38.8565, GNorm = 0.4220, lr_0 = 1.7525e-04
Validation auc = 0.756439
Epoch 23
Loss = 4.7469e-02, PNorm = 38.8703, GNorm = 0.2193, lr_0 = 1.7365e-04
Loss = 5.8427e-02, PNorm = 38.8852, GNorm = 0.1283, lr_0 = 1.7207e-04
Loss = 7.8211e-02, PNorm = 38.8949, GNorm = 0.4268, lr_0 = 1.7051e-04
Loss = 6.9596e-02, PNorm = 38.9119, GNorm = 0.1769, lr_0 = 1.6896e-04
Loss = 8.6791e-02, PNorm = 38.9171, GNorm = 0.1939, lr_0 = 1.6742e-04
Loss = 8.4332e-02, PNorm = 38.9322, GNorm = 0.4893, lr_0 = 1.6590e-04
Loss = 8.1713e-02, PNorm = 38.9481, GNorm = 0.3956, lr_0 = 1.6439e-04
Loss = 9.0234e-02, PNorm = 38.9573, GNorm = 0.2673, lr_0 = 1.6289e-04
Loss = 7.0183e-02, PNorm = 38.9764, GNorm = 0.7733, lr_0 = 1.6141e-04
Validation auc = 0.781205
Epoch 24
Loss = 2.0388e-02, PNorm = 38.9875, GNorm = 0.2578, lr_0 = 1.5994e-04
Loss = 8.0676e-02, PNorm = 38.9968, GNorm = 0.3717, lr_0 = 1.5849e-04
Loss = 7.6396e-02, PNorm = 39.0117, GNorm = 0.2279, lr_0 = 1.5705e-04
Loss = 7.3216e-02, PNorm = 39.0218, GNorm = 0.4232, lr_0 = 1.5562e-04
Loss = 4.8056e-02, PNorm = 39.0312, GNorm = 0.2589, lr_0 = 1.5420e-04
Loss = 7.8392e-02, PNorm = 39.0407, GNorm = 0.2740, lr_0 = 1.5280e-04
Loss = 4.1857e-02, PNorm = 39.0600, GNorm = 0.2923, lr_0 = 1.5141e-04
Loss = 1.0382e-01, PNorm = 39.0594, GNorm = 0.3275, lr_0 = 1.5003e-04
Loss = 8.7327e-02, PNorm = 39.0726, GNorm = 0.4459, lr_0 = 1.4867e-04
Loss = 8.4801e-02, PNorm = 39.0880, GNorm = 0.3117, lr_0 = 1.4732e-04
Validation auc = 0.762383
Epoch 25
Loss = 4.7816e-02, PNorm = 39.1034, GNorm = 0.5276, lr_0 = 1.4598e-04
Loss = 5.8219e-02, PNorm = 39.1101, GNorm = 0.1342, lr_0 = 1.4465e-04
Loss = 6.7429e-02, PNorm = 39.1141, GNorm = 0.2563, lr_0 = 1.4333e-04
Loss = 9.2579e-02, PNorm = 39.1165, GNorm = 0.7175, lr_0 = 1.4203e-04
Loss = 6.4375e-02, PNorm = 39.1360, GNorm = 0.2087, lr_0 = 1.4074e-04
Loss = 5.6126e-02, PNorm = 39.1500, GNorm = 0.3623, lr_0 = 1.3946e-04
Loss = 9.4693e-02, PNorm = 39.1491, GNorm = 0.7591, lr_0 = 1.3819e-04
Loss = 8.8890e-02, PNorm = 39.1660, GNorm = 0.5185, lr_0 = 1.3693e-04
Loss = 9.9495e-02, PNorm = 39.1752, GNorm = 0.3169, lr_0 = 1.3569e-04
Validation auc = 0.775756
Epoch 26
Loss = 4.5366e-02, PNorm = 39.1888, GNorm = 0.3288, lr_0 = 1.3445e-04
Loss = 8.2604e-02, PNorm = 39.1989, GNorm = 0.4305, lr_0 = 1.3323e-04
Loss = 4.1350e-02, PNorm = 39.2075, GNorm = 0.2178, lr_0 = 1.3202e-04
Loss = 7.6259e-02, PNorm = 39.2184, GNorm = 0.8077, lr_0 = 1.3082e-04
Loss = 7.1814e-02, PNorm = 39.2315, GNorm = 0.3706, lr_0 = 1.2963e-04
Loss = 8.0363e-02, PNorm = 39.2405, GNorm = 0.2138, lr_0 = 1.2845e-04
Loss = 6.5369e-02, PNorm = 39.2523, GNorm = 0.2784, lr_0 = 1.2728e-04
Loss = 5.8426e-02, PNorm = 39.2596, GNorm = 0.3286, lr_0 = 1.2612e-04
Loss = 1.1322e-01, PNorm = 39.2597, GNorm = 0.3298, lr_0 = 1.2498e-04
Validation auc = 0.763779
Epoch 27
Loss = 8.0031e-02, PNorm = 39.2751, GNorm = 0.5863, lr_0 = 1.2373e-04
Loss = 6.5612e-02, PNorm = 39.2905, GNorm = 0.2238, lr_0 = 1.2260e-04
Loss = 6.4754e-02, PNorm = 39.2986, GNorm = 0.3026, lr_0 = 1.2149e-04
Loss = 3.3899e-02, PNorm = 39.3136, GNorm = 0.2068, lr_0 = 1.2038e-04
Loss = 1.0602e-01, PNorm = 39.3104, GNorm = 0.6217, lr_0 = 1.1929e-04
Loss = 8.7392e-02, PNorm = 39.3168, GNorm = 0.2777, lr_0 = 1.1820e-04
Loss = 7.4216e-02, PNorm = 39.3281, GNorm = 0.8109, lr_0 = 1.1713e-04
Loss = 5.4383e-02, PNorm = 39.3346, GNorm = 0.4588, lr_0 = 1.1606e-04
Loss = 7.2350e-02, PNorm = 39.3396, GNorm = 0.4505, lr_0 = 1.1500e-04
Validation auc = 0.761077
Epoch 28
Loss = 6.3007e-02, PNorm = 39.3499, GNorm = 0.2283, lr_0 = 1.1396e-04
Loss = 7.6095e-02, PNorm = 39.3560, GNorm = 0.4710, lr_0 = 1.1292e-04
Loss = 5.6938e-02, PNorm = 39.3676, GNorm = 0.2609, lr_0 = 1.1189e-04
Loss = 7.3648e-02, PNorm = 39.3768, GNorm = 0.3955, lr_0 = 1.1088e-04
Loss = 6.8244e-02, PNorm = 39.3850, GNorm = 0.4673, lr_0 = 1.0987e-04
Loss = 7.5672e-02, PNorm = 39.3893, GNorm = 0.4093, lr_0 = 1.0887e-04
Loss = 7.4231e-02, PNorm = 39.3993, GNorm = 0.8657, lr_0 = 1.0788e-04
Loss = 4.8445e-02, PNorm = 39.4068, GNorm = 0.1912, lr_0 = 1.0690e-04
Loss = 6.6136e-02, PNorm = 39.4163, GNorm = 0.4223, lr_0 = 1.0593e-04
Validation auc = 0.770758
Epoch 29
Loss = 5.7025e-02, PNorm = 39.4280, GNorm = 0.2485, lr_0 = 1.0496e-04
Loss = 7.1206e-02, PNorm = 39.4335, GNorm = 0.5159, lr_0 = 1.0401e-04
Loss = 7.1744e-02, PNorm = 39.4376, GNorm = 0.8616, lr_0 = 1.0306e-04
Loss = 5.7035e-02, PNorm = 39.4498, GNorm = 0.9992, lr_0 = 1.0212e-04
Loss = 6.3798e-02, PNorm = 39.4585, GNorm = 1.4728, lr_0 = 1.0119e-04
Loss = 5.9822e-02, PNorm = 39.4609, GNorm = 0.2876, lr_0 = 1.0027e-04
Loss = 8.7539e-02, PNorm = 39.4708, GNorm = 0.3114, lr_0 = 1.0000e-04
Loss = 6.7542e-02, PNorm = 39.4840, GNorm = 0.2603, lr_0 = 1.0000e-04
Loss = 6.2468e-02, PNorm = 39.4906, GNorm = 0.2615, lr_0 = 1.0000e-04
Validation auc = 0.768192
Model 0 best validation auc = 0.806016 on epoch 4
Loading pretrained parameter "encoder.encoder.0.cached_zero_vector".
Loading pretrained parameter "encoder.encoder.0.W_i.weight".
Loading pretrained parameter "encoder.encoder.0.W_h.weight".
Loading pretrained parameter "encoder.encoder.0.W_o.weight".
Loading pretrained parameter "encoder.encoder.0.W_o.bias".
Loading pretrained parameter "readout.1.weight".
Loading pretrained parameter "readout.1.bias".
Loading pretrained parameter "readout.4.weight".
Loading pretrained parameter "readout.4.bias".
Model 0 test auc = 0.814988
Ensemble test auc = 0.814988
1-fold cross validation
	Seed 0 ==> test auc = 0.814988
Overall test auc = 0.814988 +/- 0.000000
Elapsed time = 0:02:27
